The system is: Linux - 4.4.10 - x86_64
Compiling the C compiler identification source file "CMakeCCompilerId.c" succeeded.
Compiler: /usr/bin/gcc 
Build flags: 
Id flags: 

The output was:
0


Compilation of the C compiler identification source "CMakeCCompilerId.c" produced "a.out"

The C compiler identification is GNU, found in "/home/matthew/Documents/GitHub/Port-Craft/CMakeFiles/3.2.2/CompilerIdC/a.out"

Compiling the CXX compiler identification source file "CMakeCXXCompilerId.cpp" succeeded.
Compiler: /usr/bin/g++ 
Build flags: 
Id flags: 

The output was:
0


Compilation of the CXX compiler identification source "CMakeCXXCompilerId.cpp" produced "a.out"

The CXX compiler identification is GNU, found in "/home/matthew/Documents/GitHub/Port-Craft/CMakeFiles/3.2.2/CompilerIdCXX/a.out"

Determining if the C compiler works passed with the following output:
Change Dir: /home/matthew/Documents/GitHub/Port-Craft/CMakeFiles/CMakeTmp

Run Build Command:"/usr/bin/gmake" "cmTryCompileExec3554710506/fast"
/usr/bin/gmake -f CMakeFiles/cmTryCompileExec3554710506.dir/build.make CMakeFiles/cmTryCompileExec3554710506.dir/build
gmake[1]: Entering directory '/home/matthew/Documents/GitHub/Port-Craft/CMakeFiles/CMakeTmp'
/usr/bin/cmake -E cmake_progress_report /home/matthew/Documents/GitHub/Port-Craft/CMakeFiles/CMakeTmp/CMakeFiles 1
Building C object CMakeFiles/cmTryCompileExec3554710506.dir/testCCompiler.c.o
/usr/bin/gcc    -o CMakeFiles/cmTryCompileExec3554710506.dir/testCCompiler.c.o   -c /home/matthew/Documents/GitHub/Port-Craft/CMakeFiles/CMakeTmp/testCCompiler.c
Linking C executable cmTryCompileExec3554710506
/usr/bin/cmake -E cmake_link_script CMakeFiles/cmTryCompileExec3554710506.dir/link.txt --verbose=1
/usr/bin/gcc       CMakeFiles/cmTryCompileExec3554710506.dir/testCCompiler.c.o  -o cmTryCompileExec3554710506 -rdynamic 
gmake[1]: Leaving directory '/home/matthew/Documents/GitHub/Port-Craft/CMakeFiles/CMakeTmp'


Detecting C compiler ABI info compiled with the following output:
Change Dir: /home/matthew/Documents/GitHub/Port-Craft/CMakeFiles/CMakeTmp

Run Build Command:"/usr/bin/gmake" "cmTryCompileExec807094506/fast"
/usr/bin/gmake -f CMakeFiles/cmTryCompileExec807094506.dir/build.make CMakeFiles/cmTryCompileExec807094506.dir/build
gmake[1]: Entering directory '/home/matthew/Documents/GitHub/Port-Craft/CMakeFiles/CMakeTmp'
/usr/bin/cmake -E cmake_progress_report /home/matthew/Documents/GitHub/Port-Craft/CMakeFiles/CMakeTmp/CMakeFiles 1
Building C object CMakeFiles/cmTryCompileExec807094506.dir/CMakeCCompilerABI.c.o
/usr/bin/gcc    -o CMakeFiles/cmTryCompileExec807094506.dir/CMakeCCompilerABI.c.o   -c /usr/share/cmake-3.2/Modules/CMakeCCompilerABI.c
Linking C executable cmTryCompileExec807094506
/usr/bin/cmake -E cmake_link_script CMakeFiles/cmTryCompileExec807094506.dir/link.txt --verbose=1
/usr/bin/gcc      -v CMakeFiles/cmTryCompileExec807094506.dir/CMakeCCompilerABI.c.o  -o cmTryCompileExec807094506 -rdynamic  
Using built-in specs.
COLLECT_GCC=/usr/bin/gcc
COLLECT_LTO_WRAPPER=/usr/lib64/gcc/x86_64-solus-linux/5.3.0/lto-wrapper
Target: x86_64-solus-linux
Configured with: ../gcc-5.3.0/configure --prefix=/usr --with-pkgversion='Solus Project' --libdir=/usr/lib64 --libexecdir=/usr/lib64 --with-system-zlib --enable-shared --enable-threads=posix --enable-__cxa_atexit --enable-plugin --disable-gold --enable-ld=default --enable-clocale=gnu --enable-multilib --with-multilib-list=m32,m64 --enable-lto --with-bugurl=https://bugs.solus-project.com --with-arch_32=i686 --enable-linker-build-id --build=x86_64-solus-linux --target=x86_64-solus-linux --enable-languages=c,c++,fortran
Thread model: posix
gcc version 5.3.0 (Solus Project) 
COMPILER_PATH=/usr/lib64/gcc/x86_64-solus-linux/5.3.0/:/usr/lib64/gcc/x86_64-solus-linux/5.3.0/:/usr/lib64/gcc/x86_64-solus-linux/:/usr/lib64/gcc/x86_64-solus-linux/5.3.0/:/usr/lib64/gcc/x86_64-solus-linux/
LIBRARY_PATH=/usr/lib64/gcc/x86_64-solus-linux/5.3.0/:/usr/lib64/gcc/x86_64-solus-linux/5.3.0/../../../../lib64/:/lib/../lib64/:/usr/lib/../lib64/:/usr/lib64/gcc/x86_64-solus-linux/5.3.0/../../../:/lib/:/usr/lib/
COLLECT_GCC_OPTIONS='-v' '-o' 'cmTryCompileExec807094506' '-rdynamic' '-mtune=generic' '-march=x86-64'
 /usr/lib64/gcc/x86_64-solus-linux/5.3.0/collect2 -plugin /usr/lib64/gcc/x86_64-solus-linux/5.3.0/liblto_plugin.so -plugin-opt=/usr/lib64/gcc/x86_64-solus-linux/5.3.0/lto-wrapper -plugin-opt=-fresolution=/tmp/ccquCG7i.res -plugin-opt=-pass-through=-lgcc -plugin-opt=-pass-through=-lgcc_s -plugin-opt=-pass-through=-lc -plugin-opt=-pass-through=-lgcc -plugin-opt=-pass-through=-lgcc_s --build-id --eh-frame-hdr -m elf_x86_64 -export-dynamic -dynamic-linker /usr/lib64/ld-linux-x86-64.so.2 -o cmTryCompileExec807094506 /usr/lib64/gcc/x86_64-solus-linux/5.3.0/../../../../lib64/crt1.o /usr/lib64/gcc/x86_64-solus-linux/5.3.0/../../../../lib64/crti.o /usr/lib64/gcc/x86_64-solus-linux/5.3.0/crtbegin.o -L/usr/lib64/gcc/x86_64-solus-linux/5.3.0 -L/usr/lib64/gcc/x86_64-solus-linux/5.3.0/../../../../lib64 -L/lib/../lib64 -L/usr/lib/../lib64 -L/usr/lib64/gcc/x86_64-solus-linux/5.3.0/../../.. CMakeFiles/cmTryCompileExec807094506.dir/CMakeCCompilerABI.c.o -lgcc --as-needed -lgcc_s --no-as-needed -lc -lgcc --as-needed -lgcc_s --no-as-needed /usr/lib64/gcc/x86_64-solus-linux/5.3.0/crtend.o /usr/lib64/gcc/x86_64-solus-linux/5.3.0/../../../../lib64/crtn.o
gmake[1]: Leaving directory '/home/matthew/Documents/GitHub/Port-Craft/CMakeFiles/CMakeTmp'


Parsed C implicit link information from above output:
  link line regex: [^( *|.*[/\])(ld|([^/\]+-)?ld|collect2)[^/\]*( |$)]
  ignore line: [Change Dir: /home/matthew/Documents/GitHub/Port-Craft/CMakeFiles/CMakeTmp]
  ignore line: []
  ignore line: [Run Build Command:"/usr/bin/gmake" "cmTryCompileExec807094506/fast"]
  ignore line: [/usr/bin/gmake -f CMakeFiles/cmTryCompileExec807094506.dir/build.make CMakeFiles/cmTryCompileExec807094506.dir/build]
  ignore line: [gmake[1]: Entering directory '/home/matthew/Documents/GitHub/Port-Craft/CMakeFiles/CMakeTmp']
  ignore line: [/usr/bin/cmake -E cmake_progress_report /home/matthew/Documents/GitHub/Port-Craft/CMakeFiles/CMakeTmp/CMakeFiles 1]
  ignore line: [Building C object CMakeFiles/cmTryCompileExec807094506.dir/CMakeCCompilerABI.c.o]
  ignore line: [/usr/bin/gcc    -o CMakeFiles/cmTryCompileExec807094506.dir/CMakeCCompilerABI.c.o   -c /usr/share/cmake-3.2/Modules/CMakeCCompilerABI.c]
  ignore line: [Linking C executable cmTryCompileExec807094506]
  ignore line: [/usr/bin/cmake -E cmake_link_script CMakeFiles/cmTryCompileExec807094506.dir/link.txt --verbose=1]
  ignore line: [/usr/bin/gcc      -v CMakeFiles/cmTryCompileExec807094506.dir/CMakeCCompilerABI.c.o  -o cmTryCompileExec807094506 -rdynamic  ]
  ignore line: [Using built-in specs.]
  ignore line: [COLLECT_GCC=/usr/bin/gcc]
  ignore line: [COLLECT_LTO_WRAPPER=/usr/lib64/gcc/x86_64-solus-linux/5.3.0/lto-wrapper]
  ignore line: [Target: x86_64-solus-linux]
  ignore line: [Configured with: ../gcc-5.3.0/configure --prefix=/usr --with-pkgversion='Solus Project' --libdir=/usr/lib64 --libexecdir=/usr/lib64 --with-system-zlib --enable-shared --enable-threads=posix --enable-__cxa_atexit --enable-plugin --disable-gold --enable-ld=default --enable-clocale=gnu --enable-multilib --with-multilib-list=m32,m64 --enable-lto --with-bugurl=https://bugs.solus-project.com --with-arch_32=i686 --enable-linker-build-id --build=x86_64-solus-linux --target=x86_64-solus-linux --enable-languages=c,c++,fortran]
  ignore line: [Thread model: posix]
  ignore line: [gcc version 5.3.0 (Solus Project) ]
  ignore line: [COMPILER_PATH=/usr/lib64/gcc/x86_64-solus-linux/5.3.0/:/usr/lib64/gcc/x86_64-solus-linux/5.3.0/:/usr/lib64/gcc/x86_64-solus-linux/:/usr/lib64/gcc/x86_64-solus-linux/5.3.0/:/usr/lib64/gcc/x86_64-solus-linux/]
  ignore line: [LIBRARY_PATH=/usr/lib64/gcc/x86_64-solus-linux/5.3.0/:/usr/lib64/gcc/x86_64-solus-linux/5.3.0/../../../../lib64/:/lib/../lib64/:/usr/lib/../lib64/:/usr/lib64/gcc/x86_64-solus-linux/5.3.0/../../../:/lib/:/usr/lib/]
  ignore line: [COLLECT_GCC_OPTIONS='-v' '-o' 'cmTryCompileExec807094506' '-rdynamic' '-mtune=generic' '-march=x86-64']
  link line: [ /usr/lib64/gcc/x86_64-solus-linux/5.3.0/collect2 -plugin /usr/lib64/gcc/x86_64-solus-linux/5.3.0/liblto_plugin.so -plugin-opt=/usr/lib64/gcc/x86_64-solus-linux/5.3.0/lto-wrapper -plugin-opt=-fresolution=/tmp/ccquCG7i.res -plugin-opt=-pass-through=-lgcc -plugin-opt=-pass-through=-lgcc_s -plugin-opt=-pass-through=-lc -plugin-opt=-pass-through=-lgcc -plugin-opt=-pass-through=-lgcc_s --build-id --eh-frame-hdr -m elf_x86_64 -export-dynamic -dynamic-linker /usr/lib64/ld-linux-x86-64.so.2 -o cmTryCompileExec807094506 /usr/lib64/gcc/x86_64-solus-linux/5.3.0/../../../../lib64/crt1.o /usr/lib64/gcc/x86_64-solus-linux/5.3.0/../../../../lib64/crti.o /usr/lib64/gcc/x86_64-solus-linux/5.3.0/crtbegin.o -L/usr/lib64/gcc/x86_64-solus-linux/5.3.0 -L/usr/lib64/gcc/x86_64-solus-linux/5.3.0/../../../../lib64 -L/lib/../lib64 -L/usr/lib/../lib64 -L/usr/lib64/gcc/x86_64-solus-linux/5.3.0/../../.. CMakeFiles/cmTryCompileExec807094506.dir/CMakeCCompilerABI.c.o -lgcc --as-needed -lgcc_s --no-as-needed -lc -lgcc --as-needed -lgcc_s --no-as-needed /usr/lib64/gcc/x86_64-solus-linux/5.3.0/crtend.o /usr/lib64/gcc/x86_64-solus-linux/5.3.0/../../../../lib64/crtn.o]
    arg [/usr/lib64/gcc/x86_64-solus-linux/5.3.0/collect2] ==> ignore
    arg [-plugin] ==> ignore
    arg [/usr/lib64/gcc/x86_64-solus-linux/5.3.0/liblto_plugin.so] ==> ignore
    arg [-plugin-opt=/usr/lib64/gcc/x86_64-solus-linux/5.3.0/lto-wrapper] ==> ignore
    arg [-plugin-opt=-fresolution=/tmp/ccquCG7i.res] ==> ignore
    arg [-plugin-opt=-pass-through=-lgcc] ==> ignore
    arg [-plugin-opt=-pass-through=-lgcc_s] ==> ignore
    arg [-plugin-opt=-pass-through=-lc] ==> ignore
    arg [-plugin-opt=-pass-through=-lgcc] ==> ignore
    arg [-plugin-opt=-pass-through=-lgcc_s] ==> ignore
    arg [--build-id] ==> ignore
    arg [--eh-frame-hdr] ==> ignore
    arg [-m] ==> ignore
    arg [elf_x86_64] ==> ignore
    arg [-export-dynamic] ==> ignore
    arg [-dynamic-linker] ==> ignore
    arg [/usr/lib64/ld-linux-x86-64.so.2] ==> ignore
    arg [-o] ==> ignore
    arg [cmTryCompileExec807094506] ==> ignore
    arg [/usr/lib64/gcc/x86_64-solus-linux/5.3.0/../../../../lib64/crt1.o] ==> ignore
    arg [/usr/lib64/gcc/x86_64-solus-linux/5.3.0/../../../../lib64/crti.o] ==> ignore
    arg [/usr/lib64/gcc/x86_64-solus-linux/5.3.0/crtbegin.o] ==> ignore
    arg [-L/usr/lib64/gcc/x86_64-solus-linux/5.3.0] ==> dir [/usr/lib64/gcc/x86_64-solus-linux/5.3.0]
    arg [-L/usr/lib64/gcc/x86_64-solus-linux/5.3.0/../../../../lib64] ==> dir [/usr/lib64/gcc/x86_64-solus-linux/5.3.0/../../../../lib64]
    arg [-L/lib/../lib64] ==> dir [/lib/../lib64]
    arg [-L/usr/lib/../lib64] ==> dir [/usr/lib/../lib64]
    arg [-L/usr/lib64/gcc/x86_64-solus-linux/5.3.0/../../..] ==> dir [/usr/lib64/gcc/x86_64-solus-linux/5.3.0/../../..]
    arg [CMakeFiles/cmTryCompileExec807094506.dir/CMakeCCompilerABI.c.o] ==> ignore
    arg [-lgcc] ==> lib [gcc]
    arg [--as-needed] ==> ignore
    arg [-lgcc_s] ==> lib [gcc_s]
    arg [--no-as-needed] ==> ignore
    arg [-lc] ==> lib [c]
    arg [-lgcc] ==> lib [gcc]
    arg [--as-needed] ==> ignore
    arg [-lgcc_s] ==> lib [gcc_s]
    arg [--no-as-needed] ==> ignore
    arg [/usr/lib64/gcc/x86_64-solus-linux/5.3.0/crtend.o] ==> ignore
    arg [/usr/lib64/gcc/x86_64-solus-linux/5.3.0/../../../../lib64/crtn.o] ==> ignore
  remove lib [gcc]
  remove lib [gcc_s]
  remove lib [gcc]
  remove lib [gcc_s]
  collapse library dir [/usr/lib64/gcc/x86_64-solus-linux/5.3.0] ==> [/usr/lib64/gcc/x86_64-solus-linux/5.3.0]
  collapse library dir [/usr/lib64/gcc/x86_64-solus-linux/5.3.0/../../../../lib64] ==> [/usr/lib64]
  collapse library dir [/lib/../lib64] ==> [/lib64]
  collapse library dir [/usr/lib/../lib64] ==> [/usr/lib64]
  collapse library dir [/usr/lib64/gcc/x86_64-solus-linux/5.3.0/../../..] ==> [/usr/lib64]
  implicit libs: [c]
  implicit dirs: [/usr/lib64/gcc/x86_64-solus-linux/5.3.0;/usr/lib64;/lib64]
  implicit fwks: []




Detecting C [-std=c11] compiler features compiled with the following output:
Change Dir: /home/matthew/Documents/GitHub/Port-Craft/CMakeFiles/CMakeTmp

Run Build Command:"/usr/bin/gmake" "cmTryCompileExec3989351927/fast"
/usr/bin/gmake -f CMakeFiles/cmTryCompileExec3989351927.dir/build.make CMakeFiles/cmTryCompileExec3989351927.dir/build
gmake[1]: Entering directory '/home/matthew/Documents/GitHub/Port-Craft/CMakeFiles/CMakeTmp'
/usr/bin/cmake -E cmake_progress_report /home/matthew/Documents/GitHub/Port-Craft/CMakeFiles/CMakeTmp/CMakeFiles 1
Building C object CMakeFiles/cmTryCompileExec3989351927.dir/feature_tests.c.o
/usr/bin/gcc   -std=c11 -o CMakeFiles/cmTryCompileExec3989351927.dir/feature_tests.c.o   -c /home/matthew/Documents/GitHub/Port-Craft/CMakeFiles/feature_tests.c
Linking C executable cmTryCompileExec3989351927
/usr/bin/cmake -E cmake_link_script CMakeFiles/cmTryCompileExec3989351927.dir/link.txt --verbose=1
/usr/bin/gcc       CMakeFiles/cmTryCompileExec3989351927.dir/feature_tests.c.o  -o cmTryCompileExec3989351927 -rdynamic 
gmake[1]: Leaving directory '/home/matthew/Documents/GitHub/Port-Craft/CMakeFiles/CMakeTmp'


    Feature record: C_FEATURE:1c_function_prototypes
    Feature record: C_FEATURE:1c_restrict
    Feature record: C_FEATURE:1c_static_assert
    Feature record: C_FEATURE:1c_variadic_macros


Detecting C [-std=c99] compiler features compiled with the following output:
Change Dir: /home/matthew/Documents/GitHub/Port-Craft/CMakeFiles/CMakeTmp

Run Build Command:"/usr/bin/gmake" "cmTryCompileExec1028761219/fast"
/usr/bin/gmake -f CMakeFiles/cmTryCompileExec1028761219.dir/build.make CMakeFiles/cmTryCompileExec1028761219.dir/build
gmake[1]: Entering directory '/home/matthew/Documents/GitHub/Port-Craft/CMakeFiles/CMakeTmp'
/usr/bin/cmake -E cmake_progress_report /home/matthew/Documents/GitHub/Port-Craft/CMakeFiles/CMakeTmp/CMakeFiles 1
Building C object CMakeFiles/cmTryCompileExec1028761219.dir/feature_tests.c.o
/usr/bin/gcc   -std=c99 -o CMakeFiles/cmTryCompileExec1028761219.dir/feature_tests.c.o   -c /home/matthew/Documents/GitHub/Port-Craft/CMakeFiles/feature_tests.c
Linking C executable cmTryCompileExec1028761219
/usr/bin/cmake -E cmake_link_script CMakeFiles/cmTryCompileExec1028761219.dir/link.txt --verbose=1
/usr/bin/gcc       CMakeFiles/cmTryCompileExec1028761219.dir/feature_tests.c.o  -o cmTryCompileExec1028761219 -rdynamic 
gmake[1]: Leaving directory '/home/matthew/Documents/GitHub/Port-Craft/CMakeFiles/CMakeTmp'


    Feature record: C_FEATURE:1c_function_prototypes
    Feature record: C_FEATURE:1c_restrict
    Feature record: C_FEATURE:0c_static_assert
    Feature record: C_FEATURE:1c_variadic_macros


Detecting C [-std=c90] compiler features compiled with the following output:
Change Dir: /home/matthew/Documents/GitHub/Port-Craft/CMakeFiles/CMakeTmp

Run Build Command:"/usr/bin/gmake" "cmTryCompileExec2726946317/fast"
/usr/bin/gmake -f CMakeFiles/cmTryCompileExec2726946317.dir/build.make CMakeFiles/cmTryCompileExec2726946317.dir/build
gmake[1]: Entering directory '/home/matthew/Documents/GitHub/Port-Craft/CMakeFiles/CMakeTmp'
/usr/bin/cmake -E cmake_progress_report /home/matthew/Documents/GitHub/Port-Craft/CMakeFiles/CMakeTmp/CMakeFiles 1
Building C object CMakeFiles/cmTryCompileExec2726946317.dir/feature_tests.c.o
/usr/bin/gcc   -std=c90 -o CMakeFiles/cmTryCompileExec2726946317.dir/feature_tests.c.o   -c /home/matthew/Documents/GitHub/Port-Craft/CMakeFiles/feature_tests.c
Linking C executable cmTryCompileExec2726946317
/usr/bin/cmake -E cmake_link_script CMakeFiles/cmTryCompileExec2726946317.dir/link.txt --verbose=1
/usr/bin/gcc       CMakeFiles/cmTryCompileExec2726946317.dir/feature_tests.c.o  -o cmTryCompileExec2726946317 -rdynamic 
gmake[1]: Leaving directory '/home/matthew/Documents/GitHub/Port-Craft/CMakeFiles/CMakeTmp'


    Feature record: C_FEATURE:1c_function_prototypes
    Feature record: C_FEATURE:0c_restrict
    Feature record: C_FEATURE:0c_static_assert
    Feature record: C_FEATURE:0c_variadic_macros
Determining if the CXX compiler works passed with the following output:
Change Dir: /home/matthew/Documents/GitHub/Port-Craft/CMakeFiles/CMakeTmp

Run Build Command:"/usr/bin/gmake" "cmTryCompileExec3994795104/fast"
/usr/bin/gmake -f CMakeFiles/cmTryCompileExec3994795104.dir/build.make CMakeFiles/cmTryCompileExec3994795104.dir/build
gmake[1]: Entering directory '/home/matthew/Documents/GitHub/Port-Craft/CMakeFiles/CMakeTmp'
/usr/bin/cmake -E cmake_progress_report /home/matthew/Documents/GitHub/Port-Craft/CMakeFiles/CMakeTmp/CMakeFiles 1
Building CXX object CMakeFiles/cmTryCompileExec3994795104.dir/testCXXCompiler.cxx.o
/usr/bin/g++     -o CMakeFiles/cmTryCompileExec3994795104.dir/testCXXCompiler.cxx.o -c /home/matthew/Documents/GitHub/Port-Craft/CMakeFiles/CMakeTmp/testCXXCompiler.cxx
Linking CXX executable cmTryCompileExec3994795104
/usr/bin/cmake -E cmake_link_script CMakeFiles/cmTryCompileExec3994795104.dir/link.txt --verbose=1
/usr/bin/g++        CMakeFiles/cmTryCompileExec3994795104.dir/testCXXCompiler.cxx.o  -o cmTryCompileExec3994795104 -rdynamic 
gmake[1]: Leaving directory '/home/matthew/Documents/GitHub/Port-Craft/CMakeFiles/CMakeTmp'


Detecting CXX compiler ABI info compiled with the following output:
Change Dir: /home/matthew/Documents/GitHub/Port-Craft/CMakeFiles/CMakeTmp

Run Build Command:"/usr/bin/gmake" "cmTryCompileExec3293713033/fast"
/usr/bin/gmake -f CMakeFiles/cmTryCompileExec3293713033.dir/build.make CMakeFiles/cmTryCompileExec3293713033.dir/build
gmake[1]: Entering directory '/home/matthew/Documents/GitHub/Port-Craft/CMakeFiles/CMakeTmp'
/usr/bin/cmake -E cmake_progress_report /home/matthew/Documents/GitHub/Port-Craft/CMakeFiles/CMakeTmp/CMakeFiles 1
Building CXX object CMakeFiles/cmTryCompileExec3293713033.dir/CMakeCXXCompilerABI.cpp.o
/usr/bin/g++     -o CMakeFiles/cmTryCompileExec3293713033.dir/CMakeCXXCompilerABI.cpp.o -c /usr/share/cmake-3.2/Modules/CMakeCXXCompilerABI.cpp
Linking CXX executable cmTryCompileExec3293713033
/usr/bin/cmake -E cmake_link_script CMakeFiles/cmTryCompileExec3293713033.dir/link.txt --verbose=1
/usr/bin/g++       -v CMakeFiles/cmTryCompileExec3293713033.dir/CMakeCXXCompilerABI.cpp.o  -o cmTryCompileExec3293713033 -rdynamic  
Using built-in specs.
COLLECT_GCC=/usr/bin/g++
COLLECT_LTO_WRAPPER=/usr/lib64/gcc/x86_64-solus-linux/5.3.0/lto-wrapper
Target: x86_64-solus-linux
Configured with: ../gcc-5.3.0/configure --prefix=/usr --with-pkgversion='Solus Project' --libdir=/usr/lib64 --libexecdir=/usr/lib64 --with-system-zlib --enable-shared --enable-threads=posix --enable-__cxa_atexit --enable-plugin --disable-gold --enable-ld=default --enable-clocale=gnu --enable-multilib --with-multilib-list=m32,m64 --enable-lto --with-bugurl=https://bugs.solus-project.com --with-arch_32=i686 --enable-linker-build-id --build=x86_64-solus-linux --target=x86_64-solus-linux --enable-languages=c,c++,fortran
Thread model: posix
gcc version 5.3.0 (Solus Project) 
COMPILER_PATH=/usr/lib64/gcc/x86_64-solus-linux/5.3.0/:/usr/lib64/gcc/x86_64-solus-linux/5.3.0/:/usr/lib64/gcc/x86_64-solus-linux/:/usr/lib64/gcc/x86_64-solus-linux/5.3.0/:/usr/lib64/gcc/x86_64-solus-linux/
LIBRARY_PATH=/usr/lib64/gcc/x86_64-solus-linux/5.3.0/:/usr/lib64/gcc/x86_64-solus-linux/5.3.0/../../../../lib64/:/lib/../lib64/:/usr/lib/../lib64/:/usr/lib64/gcc/x86_64-solus-linux/5.3.0/../../../:/lib/:/usr/lib/
COLLECT_GCC_OPTIONS='-v' '-o' 'cmTryCompileExec3293713033' '-rdynamic' '-shared-libgcc' '-mtune=generic' '-march=x86-64'
 /usr/lib64/gcc/x86_64-solus-linux/5.3.0/collect2 -plugin /usr/lib64/gcc/x86_64-solus-linux/5.3.0/liblto_plugin.so -plugin-opt=/usr/lib64/gcc/x86_64-solus-linux/5.3.0/lto-wrapper -plugin-opt=-fresolution=/tmp/ccNI29QJ.res -plugin-opt=-pass-through=-lgcc_s -plugin-opt=-pass-through=-lgcc -plugin-opt=-pass-through=-lc -plugin-opt=-pass-through=-lgcc_s -plugin-opt=-pass-through=-lgcc --build-id --eh-frame-hdr -m elf_x86_64 -export-dynamic -dynamic-linker /usr/lib64/ld-linux-x86-64.so.2 -o cmTryCompileExec3293713033 /usr/lib64/gcc/x86_64-solus-linux/5.3.0/../../../../lib64/crt1.o /usr/lib64/gcc/x86_64-solus-linux/5.3.0/../../../../lib64/crti.o /usr/lib64/gcc/x86_64-solus-linux/5.3.0/crtbegin.o -L/usr/lib64/gcc/x86_64-solus-linux/5.3.0 -L/usr/lib64/gcc/x86_64-solus-linux/5.3.0/../../../../lib64 -L/lib/../lib64 -L/usr/lib/../lib64 -L/usr/lib64/gcc/x86_64-solus-linux/5.3.0/../../.. CMakeFiles/cmTryCompileExec3293713033.dir/CMakeCXXCompilerABI.cpp.o -lstdc++ -lm -lgcc_s -lgcc -lc -lgcc_s -lgcc /usr/lib64/gcc/x86_64-solus-linux/5.3.0/crtend.o /usr/lib64/gcc/x86_64-solus-linux/5.3.0/../../../../lib64/crtn.o
gmake[1]: Leaving directory '/home/matthew/Documents/GitHub/Port-Craft/CMakeFiles/CMakeTmp'


Parsed CXX implicit link information from above output:
  link line regex: [^( *|.*[/\])(ld|([^/\]+-)?ld|collect2)[^/\]*( |$)]
  ignore line: [Change Dir: /home/matthew/Documents/GitHub/Port-Craft/CMakeFiles/CMakeTmp]
  ignore line: []
  ignore line: [Run Build Command:"/usr/bin/gmake" "cmTryCompileExec3293713033/fast"]
  ignore line: [/usr/bin/gmake -f CMakeFiles/cmTryCompileExec3293713033.dir/build.make CMakeFiles/cmTryCompileExec3293713033.dir/build]
  ignore line: [gmake[1]: Entering directory '/home/matthew/Documents/GitHub/Port-Craft/CMakeFiles/CMakeTmp']
  ignore line: [/usr/bin/cmake -E cmake_progress_report /home/matthew/Documents/GitHub/Port-Craft/CMakeFiles/CMakeTmp/CMakeFiles 1]
  ignore line: [Building CXX object CMakeFiles/cmTryCompileExec3293713033.dir/CMakeCXXCompilerABI.cpp.o]
  ignore line: [/usr/bin/g++     -o CMakeFiles/cmTryCompileExec3293713033.dir/CMakeCXXCompilerABI.cpp.o -c /usr/share/cmake-3.2/Modules/CMakeCXXCompilerABI.cpp]
  ignore line: [Linking CXX executable cmTryCompileExec3293713033]
  ignore line: [/usr/bin/cmake -E cmake_link_script CMakeFiles/cmTryCompileExec3293713033.dir/link.txt --verbose=1]
  ignore line: [/usr/bin/g++       -v CMakeFiles/cmTryCompileExec3293713033.dir/CMakeCXXCompilerABI.cpp.o  -o cmTryCompileExec3293713033 -rdynamic  ]
  ignore line: [Using built-in specs.]
  ignore line: [COLLECT_GCC=/usr/bin/g++]
  ignore line: [COLLECT_LTO_WRAPPER=/usr/lib64/gcc/x86_64-solus-linux/5.3.0/lto-wrapper]
  ignore line: [Target: x86_64-solus-linux]
  ignore line: [Configured with: ../gcc-5.3.0/configure --prefix=/usr --with-pkgversion='Solus Project' --libdir=/usr/lib64 --libexecdir=/usr/lib64 --with-system-zlib --enable-shared --enable-threads=posix --enable-__cxa_atexit --enable-plugin --disable-gold --enable-ld=default --enable-clocale=gnu --enable-multilib --with-multilib-list=m32,m64 --enable-lto --with-bugurl=https://bugs.solus-project.com --with-arch_32=i686 --enable-linker-build-id --build=x86_64-solus-linux --target=x86_64-solus-linux --enable-languages=c,c++,fortran]
  ignore line: [Thread model: posix]
  ignore line: [gcc version 5.3.0 (Solus Project) ]
  ignore line: [COMPILER_PATH=/usr/lib64/gcc/x86_64-solus-linux/5.3.0/:/usr/lib64/gcc/x86_64-solus-linux/5.3.0/:/usr/lib64/gcc/x86_64-solus-linux/:/usr/lib64/gcc/x86_64-solus-linux/5.3.0/:/usr/lib64/gcc/x86_64-solus-linux/]
  ignore line: [LIBRARY_PATH=/usr/lib64/gcc/x86_64-solus-linux/5.3.0/:/usr/lib64/gcc/x86_64-solus-linux/5.3.0/../../../../lib64/:/lib/../lib64/:/usr/lib/../lib64/:/usr/lib64/gcc/x86_64-solus-linux/5.3.0/../../../:/lib/:/usr/lib/]
  ignore line: [COLLECT_GCC_OPTIONS='-v' '-o' 'cmTryCompileExec3293713033' '-rdynamic' '-shared-libgcc' '-mtune=generic' '-march=x86-64']
  link line: [ /usr/lib64/gcc/x86_64-solus-linux/5.3.0/collect2 -plugin /usr/lib64/gcc/x86_64-solus-linux/5.3.0/liblto_plugin.so -plugin-opt=/usr/lib64/gcc/x86_64-solus-linux/5.3.0/lto-wrapper -plugin-opt=-fresolution=/tmp/ccNI29QJ.res -plugin-opt=-pass-through=-lgcc_s -plugin-opt=-pass-through=-lgcc -plugin-opt=-pass-through=-lc -plugin-opt=-pass-through=-lgcc_s -plugin-opt=-pass-through=-lgcc --build-id --eh-frame-hdr -m elf_x86_64 -export-dynamic -dynamic-linker /usr/lib64/ld-linux-x86-64.so.2 -o cmTryCompileExec3293713033 /usr/lib64/gcc/x86_64-solus-linux/5.3.0/../../../../lib64/crt1.o /usr/lib64/gcc/x86_64-solus-linux/5.3.0/../../../../lib64/crti.o /usr/lib64/gcc/x86_64-solus-linux/5.3.0/crtbegin.o -L/usr/lib64/gcc/x86_64-solus-linux/5.3.0 -L/usr/lib64/gcc/x86_64-solus-linux/5.3.0/../../../../lib64 -L/lib/../lib64 -L/usr/lib/../lib64 -L/usr/lib64/gcc/x86_64-solus-linux/5.3.0/../../.. CMakeFiles/cmTryCompileExec3293713033.dir/CMakeCXXCompilerABI.cpp.o -lstdc++ -lm -lgcc_s -lgcc -lc -lgcc_s -lgcc /usr/lib64/gcc/x86_64-solus-linux/5.3.0/crtend.o /usr/lib64/gcc/x86_64-solus-linux/5.3.0/../../../../lib64/crtn.o]
    arg [/usr/lib64/gcc/x86_64-solus-linux/5.3.0/collect2] ==> ignore
    arg [-plugin] ==> ignore
    arg [/usr/lib64/gcc/x86_64-solus-linux/5.3.0/liblto_plugin.so] ==> ignore
    arg [-plugin-opt=/usr/lib64/gcc/x86_64-solus-linux/5.3.0/lto-wrapper] ==> ignore
    arg [-plugin-opt=-fresolution=/tmp/ccNI29QJ.res] ==> ignore
    arg [-plugin-opt=-pass-through=-lgcc_s] ==> ignore
    arg [-plugin-opt=-pass-through=-lgcc] ==> ignore
    arg [-plugin-opt=-pass-through=-lc] ==> ignore
    arg [-plugin-opt=-pass-through=-lgcc_s] ==> ignore
    arg [-plugin-opt=-pass-through=-lgcc] ==> ignore
    arg [--build-id] ==> ignore
    arg [--eh-frame-hdr] ==> ignore
    arg [-m] ==> ignore
    arg [elf_x86_64] ==> ignore
    arg [-export-dynamic] ==> ignore
    arg [-dynamic-linker] ==> ignore
    arg [/usr/lib64/ld-linux-x86-64.so.2] ==> ignore
    arg [-o] ==> ignore
    arg [cmTryCompileExec3293713033] ==> ignore
    arg [/usr/lib64/gcc/x86_64-solus-linux/5.3.0/../../../../lib64/crt1.o] ==> ignore
    arg [/usr/lib64/gcc/x86_64-solus-linux/5.3.0/../../../../lib64/crti.o] ==> ignore
    arg [/usr/lib64/gcc/x86_64-solus-linux/5.3.0/crtbegin.o] ==> ignore
    arg [-L/usr/lib64/gcc/x86_64-solus-linux/5.3.0] ==> dir [/usr/lib64/gcc/x86_64-solus-linux/5.3.0]
    arg [-L/usr/lib64/gcc/x86_64-solus-linux/5.3.0/../../../../lib64] ==> dir [/usr/lib64/gcc/x86_64-solus-linux/5.3.0/../../../../lib64]
    arg [-L/lib/../lib64] ==> dir [/lib/../lib64]
    arg [-L/usr/lib/../lib64] ==> dir [/usr/lib/../lib64]
    arg [-L/usr/lib64/gcc/x86_64-solus-linux/5.3.0/../../..] ==> dir [/usr/lib64/gcc/x86_64-solus-linux/5.3.0/../../..]
    arg [CMakeFiles/cmTryCompileExec3293713033.dir/CMakeCXXCompilerABI.cpp.o] ==> ignore
    arg [-lstdc++] ==> lib [stdc++]
    arg [-lm] ==> lib [m]
    arg [-lgcc_s] ==> lib [gcc_s]
    arg [-lgcc] ==> lib [gcc]
    arg [-lc] ==> lib [c]
    arg [-lgcc_s] ==> lib [gcc_s]
    arg [-lgcc] ==> lib [gcc]
    arg [/usr/lib64/gcc/x86_64-solus-linux/5.3.0/crtend.o] ==> ignore
    arg [/usr/lib64/gcc/x86_64-solus-linux/5.3.0/../../../../lib64/crtn.o] ==> ignore
  remove lib [gcc_s]
  remove lib [gcc]
  remove lib [gcc_s]
  remove lib [gcc]
  collapse library dir [/usr/lib64/gcc/x86_64-solus-linux/5.3.0] ==> [/usr/lib64/gcc/x86_64-solus-linux/5.3.0]
  collapse library dir [/usr/lib64/gcc/x86_64-solus-linux/5.3.0/../../../../lib64] ==> [/usr/lib64]
  collapse library dir [/lib/../lib64] ==> [/lib64]
  collapse library dir [/usr/lib/../lib64] ==> [/usr/lib64]
  collapse library dir [/usr/lib64/gcc/x86_64-solus-linux/5.3.0/../../..] ==> [/usr/lib64]
  implicit libs: [stdc++;m;c]
  implicit dirs: [/usr/lib64/gcc/x86_64-solus-linux/5.3.0;/usr/lib64;/lib64]
  implicit fwks: []




Detecting CXX [-std=c++14] compiler features compiled with the following output:
Change Dir: /home/matthew/Documents/GitHub/Port-Craft/CMakeFiles/CMakeTmp

Run Build Command:"/usr/bin/gmake" "cmTryCompileExec762518692/fast"
/usr/bin/gmake -f CMakeFiles/cmTryCompileExec762518692.dir/build.make CMakeFiles/cmTryCompileExec762518692.dir/build
gmake[1]: Entering directory '/home/matthew/Documents/GitHub/Port-Craft/CMakeFiles/CMakeTmp'
/usr/bin/cmake -E cmake_progress_report /home/matthew/Documents/GitHub/Port-Craft/CMakeFiles/CMakeTmp/CMakeFiles 1
Building CXX object CMakeFiles/cmTryCompileExec762518692.dir/feature_tests.cxx.o
/usr/bin/g++    -std=c++14 -o CMakeFiles/cmTryCompileExec762518692.dir/feature_tests.cxx.o -c /home/matthew/Documents/GitHub/Port-Craft/CMakeFiles/feature_tests.cxx
Linking CXX executable cmTryCompileExec762518692
/usr/bin/cmake -E cmake_link_script CMakeFiles/cmTryCompileExec762518692.dir/link.txt --verbose=1
/usr/bin/g++        CMakeFiles/cmTryCompileExec762518692.dir/feature_tests.cxx.o  -o cmTryCompileExec762518692 -rdynamic 
gmake[1]: Leaving directory '/home/matthew/Documents/GitHub/Port-Craft/CMakeFiles/CMakeTmp'


    Feature record: CXX_FEATURE:1cxx_aggregate_default_initializers
    Feature record: CXX_FEATURE:1cxx_alias_templates
    Feature record: CXX_FEATURE:1cxx_alignas
    Feature record: CXX_FEATURE:1cxx_alignof
    Feature record: CXX_FEATURE:1cxx_attributes
    Feature record: CXX_FEATURE:1cxx_attribute_deprecated
    Feature record: CXX_FEATURE:1cxx_auto_type
    Feature record: CXX_FEATURE:1cxx_binary_literals
    Feature record: CXX_FEATURE:1cxx_constexpr
    Feature record: CXX_FEATURE:1cxx_contextual_conversions
    Feature record: CXX_FEATURE:1cxx_decltype
    Feature record: CXX_FEATURE:1cxx_decltype_auto
    Feature record: CXX_FEATURE:1cxx_decltype_incomplete_return_types
    Feature record: CXX_FEATURE:1cxx_default_function_template_args
    Feature record: CXX_FEATURE:1cxx_defaulted_functions
    Feature record: CXX_FEATURE:1cxx_defaulted_move_initializers
    Feature record: CXX_FEATURE:1cxx_delegating_constructors
    Feature record: CXX_FEATURE:1cxx_deleted_functions
    Feature record: CXX_FEATURE:1cxx_digit_separators
    Feature record: CXX_FEATURE:1cxx_enum_forward_declarations
    Feature record: CXX_FEATURE:1cxx_explicit_conversions
    Feature record: CXX_FEATURE:1cxx_extended_friend_declarations
    Feature record: CXX_FEATURE:1cxx_extern_templates
    Feature record: CXX_FEATURE:1cxx_final
    Feature record: CXX_FEATURE:1cxx_func_identifier
    Feature record: CXX_FEATURE:1cxx_generalized_initializers
    Feature record: CXX_FEATURE:1cxx_generic_lambdas
    Feature record: CXX_FEATURE:1cxx_inheriting_constructors
    Feature record: CXX_FEATURE:1cxx_inline_namespaces
    Feature record: CXX_FEATURE:1cxx_lambdas
    Feature record: CXX_FEATURE:1cxx_lambda_init_captures
    Feature record: CXX_FEATURE:1cxx_local_type_template_args
    Feature record: CXX_FEATURE:1cxx_long_long_type
    Feature record: CXX_FEATURE:1cxx_noexcept
    Feature record: CXX_FEATURE:1cxx_nonstatic_member_init
    Feature record: CXX_FEATURE:1cxx_nullptr
    Feature record: CXX_FEATURE:1cxx_override
    Feature record: CXX_FEATURE:1cxx_range_for
    Feature record: CXX_FEATURE:1cxx_raw_string_literals
    Feature record: CXX_FEATURE:1cxx_reference_qualified_functions
    Feature record: CXX_FEATURE:1cxx_relaxed_constexpr
    Feature record: CXX_FEATURE:1cxx_return_type_deduction
    Feature record: CXX_FEATURE:1cxx_right_angle_brackets
    Feature record: CXX_FEATURE:1cxx_rvalue_references
    Feature record: CXX_FEATURE:1cxx_sizeof_member
    Feature record: CXX_FEATURE:1cxx_static_assert
    Feature record: CXX_FEATURE:1cxx_strong_enums
    Feature record: CXX_FEATURE:1cxx_template_template_parameters
    Feature record: CXX_FEATURE:1cxx_thread_local
    Feature record: CXX_FEATURE:1cxx_trailing_return_types
    Feature record: CXX_FEATURE:1cxx_unicode_literals
    Feature record: CXX_FEATURE:1cxx_uniform_initialization
    Feature record: CXX_FEATURE:1cxx_unrestricted_unions
    Feature record: CXX_FEATURE:1cxx_user_literals
    Feature record: CXX_FEATURE:1cxx_variable_templates
    Feature record: CXX_FEATURE:1cxx_variadic_macros
    Feature record: CXX_FEATURE:1cxx_variadic_templates


Detecting CXX [-std=c++11] compiler features compiled with the following output:
Change Dir: /home/matthew/Documents/GitHub/Port-Craft/CMakeFiles/CMakeTmp

Run Build Command:"/usr/bin/gmake" "cmTryCompileExec2796408654/fast"
/usr/bin/gmake -f CMakeFiles/cmTryCompileExec2796408654.dir/build.make CMakeFiles/cmTryCompileExec2796408654.dir/build
gmake[1]: Entering directory '/home/matthew/Documents/GitHub/Port-Craft/CMakeFiles/CMakeTmp'
/usr/bin/cmake -E cmake_progress_report /home/matthew/Documents/GitHub/Port-Craft/CMakeFiles/CMakeTmp/CMakeFiles 1
Building CXX object CMakeFiles/cmTryCompileExec2796408654.dir/feature_tests.cxx.o
/usr/bin/g++    -std=c++11 -o CMakeFiles/cmTryCompileExec2796408654.dir/feature_tests.cxx.o -c /home/matthew/Documents/GitHub/Port-Craft/CMakeFiles/feature_tests.cxx
Linking CXX executable cmTryCompileExec2796408654
/usr/bin/cmake -E cmake_link_script CMakeFiles/cmTryCompileExec2796408654.dir/link.txt --verbose=1
/usr/bin/g++        CMakeFiles/cmTryCompileExec2796408654.dir/feature_tests.cxx.o  -o cmTryCompileExec2796408654 -rdynamic 
gmake[1]: Leaving directory '/home/matthew/Documents/GitHub/Port-Craft/CMakeFiles/CMakeTmp'


    Feature record: CXX_FEATURE:0cxx_aggregate_default_initializers
    Feature record: CXX_FEATURE:1cxx_alias_templates
    Feature record: CXX_FEATURE:1cxx_alignas
    Feature record: CXX_FEATURE:1cxx_alignof
    Feature record: CXX_FEATURE:1cxx_attributes
    Feature record: CXX_FEATURE:0cxx_attribute_deprecated
    Feature record: CXX_FEATURE:1cxx_auto_type
    Feature record: CXX_FEATURE:0cxx_binary_literals
    Feature record: CXX_FEATURE:1cxx_constexpr
    Feature record: CXX_FEATURE:0cxx_contextual_conversions
    Feature record: CXX_FEATURE:1cxx_decltype
    Feature record: CXX_FEATURE:0cxx_decltype_auto
    Feature record: CXX_FEATURE:1cxx_decltype_incomplete_return_types
    Feature record: CXX_FEATURE:1cxx_default_function_template_args
    Feature record: CXX_FEATURE:1cxx_defaulted_functions
    Feature record: CXX_FEATURE:1cxx_defaulted_move_initializers
    Feature record: CXX_FEATURE:1cxx_delegating_constructors
    Feature record: CXX_FEATURE:1cxx_deleted_functions
    Feature record: CXX_FEATURE:0cxx_digit_separators
    Feature record: CXX_FEATURE:1cxx_enum_forward_declarations
    Feature record: CXX_FEATURE:1cxx_explicit_conversions
    Feature record: CXX_FEATURE:1cxx_extended_friend_declarations
    Feature record: CXX_FEATURE:1cxx_extern_templates
    Feature record: CXX_FEATURE:1cxx_final
    Feature record: CXX_FEATURE:1cxx_func_identifier
    Feature record: CXX_FEATURE:1cxx_generalized_initializers
    Feature record: CXX_FEATURE:0cxx_generic_lambdas
    Feature record: CXX_FEATURE:1cxx_inheriting_constructors
    Feature record: CXX_FEATURE:1cxx_inline_namespaces
    Feature record: CXX_FEATURE:1cxx_lambdas
    Feature record: CXX_FEATURE:0cxx_lambda_init_captures
    Feature record: CXX_FEATURE:1cxx_local_type_template_args
    Feature record: CXX_FEATURE:1cxx_long_long_type
    Feature record: CXX_FEATURE:1cxx_noexcept
    Feature record: CXX_FEATURE:1cxx_nonstatic_member_init
    Feature record: CXX_FEATURE:1cxx_nullptr
    Feature record: CXX_FEATURE:1cxx_override
    Feature record: CXX_FEATURE:1cxx_range_for
    Feature record: CXX_FEATURE:1cxx_raw_string_literals
    Feature record: CXX_FEATURE:1cxx_reference_qualified_functions
    Feature record: CXX_FEATURE:0cxx_relaxed_constexpr
    Feature record: CXX_FEATURE:0cxx_return_type_deduction
    Feature record: CXX_FEATURE:1cxx_right_angle_brackets
    Feature record: CXX_FEATURE:1cxx_rvalue_references
    Feature record: CXX_FEATURE:1cxx_sizeof_member
    Feature record: CXX_FEATURE:1cxx_static_assert
    Feature record: CXX_FEATURE:1cxx_strong_enums
    Feature record: CXX_FEATURE:1cxx_template_template_parameters
    Feature record: CXX_FEATURE:1cxx_thread_local
    Feature record: CXX_FEATURE:1cxx_trailing_return_types
    Feature record: CXX_FEATURE:1cxx_unicode_literals
    Feature record: CXX_FEATURE:1cxx_uniform_initialization
    Feature record: CXX_FEATURE:1cxx_unrestricted_unions
    Feature record: CXX_FEATURE:1cxx_user_literals
    Feature record: CXX_FEATURE:0cxx_variable_templates
    Feature record: CXX_FEATURE:1cxx_variadic_macros
    Feature record: CXX_FEATURE:1cxx_variadic_templates


Detecting CXX [-std=c++98] compiler features compiled with the following output:
Change Dir: /home/matthew/Documents/GitHub/Port-Craft/CMakeFiles/CMakeTmp

Run Build Command:"/usr/bin/gmake" "cmTryCompileExec935324168/fast"
/usr/bin/gmake -f CMakeFiles/cmTryCompileExec935324168.dir/build.make CMakeFiles/cmTryCompileExec935324168.dir/build
gmake[1]: Entering directory '/home/matthew/Documents/GitHub/Port-Craft/CMakeFiles/CMakeTmp'
/usr/bin/cmake -E cmake_progress_report /home/matthew/Documents/GitHub/Port-Craft/CMakeFiles/CMakeTmp/CMakeFiles 1
Building CXX object CMakeFiles/cmTryCompileExec935324168.dir/feature_tests.cxx.o
/usr/bin/g++    -std=c++98 -o CMakeFiles/cmTryCompileExec935324168.dir/feature_tests.cxx.o -c /home/matthew/Documents/GitHub/Port-Craft/CMakeFiles/feature_tests.cxx
Linking CXX executable cmTryCompileExec935324168
/usr/bin/cmake -E cmake_link_script CMakeFiles/cmTryCompileExec935324168.dir/link.txt --verbose=1
/usr/bin/g++        CMakeFiles/cmTryCompileExec935324168.dir/feature_tests.cxx.o  -o cmTryCompileExec935324168 -rdynamic 
gmake[1]: Leaving directory '/home/matthew/Documents/GitHub/Port-Craft/CMakeFiles/CMakeTmp'


    Feature record: CXX_FEATURE:0cxx_aggregate_default_initializers
    Feature record: CXX_FEATURE:0cxx_alias_templates
    Feature record: CXX_FEATURE:0cxx_alignas
    Feature record: CXX_FEATURE:0cxx_alignof
    Feature record: CXX_FEATURE:0cxx_attributes
    Feature record: CXX_FEATURE:0cxx_attribute_deprecated
    Feature record: CXX_FEATURE:0cxx_auto_type
    Feature record: CXX_FEATURE:0cxx_binary_literals
    Feature record: CXX_FEATURE:0cxx_constexpr
    Feature record: CXX_FEATURE:0cxx_contextual_conversions
    Feature record: CXX_FEATURE:0cxx_decltype
    Feature record: CXX_FEATURE:0cxx_decltype_auto
    Feature record: CXX_FEATURE:0cxx_decltype_incomplete_return_types
    Feature record: CXX_FEATURE:0cxx_default_function_template_args
    Feature record: CXX_FEATURE:0cxx_defaulted_functions
    Feature record: CXX_FEATURE:0cxx_defaulted_move_initializers
    Feature record: CXX_FEATURE:0cxx_delegating_constructors
    Feature record: CXX_FEATURE:0cxx_deleted_functions
    Feature record: CXX_FEATURE:0cxx_digit_separators
    Feature record: CXX_FEATURE:0cxx_enum_forward_declarations
    Feature record: CXX_FEATURE:0cxx_explicit_conversions
    Feature record: CXX_FEATURE:0cxx_extended_friend_declarations
    Feature record: CXX_FEATURE:0cxx_extern_templates
    Feature record: CXX_FEATURE:0cxx_final
    Feature record: CXX_FEATURE:0cxx_func_identifier
    Feature record: CXX_FEATURE:0cxx_generalized_initializers
    Feature record: CXX_FEATURE:0cxx_generic_lambdas
    Feature record: CXX_FEATURE:0cxx_inheriting_constructors
    Feature record: CXX_FEATURE:0cxx_inline_namespaces
    Feature record: CXX_FEATURE:0cxx_lambdas
    Feature record: CXX_FEATURE:0cxx_lambda_init_captures
    Feature record: CXX_FEATURE:0cxx_local_type_template_args
    Feature record: CXX_FEATURE:0cxx_long_long_type
    Feature record: CXX_FEATURE:0cxx_noexcept
    Feature record: CXX_FEATURE:0cxx_nonstatic_member_init
    Feature record: CXX_FEATURE:0cxx_nullptr
    Feature record: CXX_FEATURE:0cxx_override
    Feature record: CXX_FEATURE:0cxx_range_for
    Feature record: CXX_FEATURE:0cxx_raw_string_literals
    Feature record: CXX_FEATURE:0cxx_reference_qualified_functions
    Feature record: CXX_FEATURE:0cxx_relaxed_constexpr
    Feature record: CXX_FEATURE:0cxx_return_type_deduction
    Feature record: CXX_FEATURE:0cxx_right_angle_brackets
    Feature record: CXX_FEATURE:0cxx_rvalue_references
    Feature record: CXX_FEATURE:0cxx_sizeof_member
    Feature record: CXX_FEATURE:0cxx_static_assert
    Feature record: CXX_FEATURE:0cxx_strong_enums
    Feature record: CXX_FEATURE:1cxx_template_template_parameters
    Feature record: CXX_FEATURE:0cxx_thread_local
    Feature record: CXX_FEATURE:0cxx_trailing_return_types
    Feature record: CXX_FEATURE:0cxx_unicode_literals
    Feature record: CXX_FEATURE:0cxx_uniform_initialization
    Feature record: CXX_FEATURE:0cxx_unrestricted_unions
    Feature record: CXX_FEATURE:0cxx_user_literals
    Feature record: CXX_FEATURE:0cxx_variable_templates
    Feature record: CXX_FEATURE:0cxx_variadic_macros
    Feature record: CXX_FEATURE:0cxx_variadic_templates
